<?xml version="1.0" encoding="utf-8"?>
<shfbBuild product="Sandcastle Help File Builder" version="2014.5.31.0" projectFile="C:\Users\Administrator\Desktop\Factorial.shfbproj" started="06/29/2014 20:26:49">
<buildStep step="Initializing">
Finding tools...
The Sandcastle tools are located in &#39;F:\Programs\Sandcastle\&#39;
Searching for HTML Help 1 compiler...
Found HTML Help 1 compiler in &#39;C:\Program Files (x86)\HTML Help Workshop\&#39;
Locating components in the following folder(s):
   C:\Users\Administrator\Desktop
Using presentation style &#39;VS2013&#39; located in &#39;F:\Programs\Sandcastle\PresentationStyles\VS2013&#39;
Loading and initializing plug-ins...
Lightweight Website Style Version 2014.5.31.0
Copyright &#169; 2006-2014, Eric Woodruff, All Rights Reserved
Portions Copyright &#169; 2014, Sam Harwell, All Rights Reserved
</buildStep>
<buildStep step="ValidatingDocumentationSources">
Validating and copying documentation source information
Source: F:\Programs\Microsoft Visual Studio 2013\Projects\C#\Factorial\Factorial\bin\Debug\Factorial.exe
    Found assembly &#39;F:\Programs\Microsoft Visual Studio 2013\Projects\C#\Factorial\Factorial\bin\Debug\Factorial.exe&#39;
Source: F:\Programs\Microsoft Visual Studio 2013\Projects\C#\Factorial\Factorial\bin\Debug\Factorial.xml

Copying XML comments files
    F:\Programs\Microsoft Visual Studio 2013\Projects\C#\Factorial\Factorial\bin\Debug\Factorial.XML -&gt; C:\Users\Administrator\Desktop\Help\Working\Factorial.XML
</buildStep>
<buildStep step="GenerateSharedContent">
Generating shared content files (en-US, English (United States))...
<plugIn name="Lightweight Website Style" behavior="After" priority="1000">
</plugIn>    Last step completed in 00:00:00.1229
</buildStep>
<buildStep step="GenerateApiFilter">
Generating API filter for MRefBuilder...
    Last step completed in 00:00:00.0110
</buildStep>
<buildStep step="GenerateReflectionInfo">
Generating reflection information...
[C:\Windows\Microsoft.NET\Framework64\v4.0.30319\MSBuild.exe]
Build started 06/29/2014 20:26:50.
Project &quot;C:\Users\Administrator\Desktop\Help\Working\GenerateRefInfo.proj&quot; on node 1 (default targets).
PrepareForBuild:
  Creating directory &quot;obj\Debug\&quot;.
GenerateRefInfo:
  MRefBuilder (v2014.5.31.0)
  Copyright c 2006-2014, Microsoft Corporation, All Rights Reserved.
  Portions Copyright c 2006-2014, Eric Woodruff, All Rights Reserved.
  Loaded 1 assemblies for reflection and 1 dependency assemblies.
  Wrote information on 1 namespaces, 1 types, and 2 members
  Copying file from &quot;reflection.org&quot; to &quot;reflection.all&quot;.
  XslTransform (v2014.5.31.0)
  Copyright c 2006-2014, Microsoft Corporation, All Rights Reserved.
  Portions Copyright c 2006-2014, Eric Woodruff, All Rights Reserved.
  Applying XSL transformation &#39;F:\Programs\Sandcastle\ProductionTransforms\MergeDuplicates.xsl&#39;.
Done Building Project &quot;C:\Users\Administrator\Desktop\Help\Working\GenerateRefInfo.proj&quot; (default targets).

Build succeeded.

Time Elapsed 00:00:04.22
    Last step completed in 00:00:05.1820
</buildStep>
<buildStep step="TransformReflectionInfo">
Transforming reflection output...
[C:\Windows\Microsoft.NET\Framework64\v4.0.30319\MSBuild.exe]
Build started 06/29/2014 20:26:55.
Project &quot;C:\Users\Administrator\Desktop\Help\Working\TransformManifest.proj&quot; on node 1 (default targets).
TransformManifest:
  XslTransform (v2014.5.31.0)
  Copyright c 2006-2014, Microsoft Corporation, All Rights Reserved.
  Portions Copyright c 2006-2014, Eric Woodruff, All Rights Reserved.
  Applying XSL transformation &#39;F:\Programs\Sandcastle\\ProductionTransforms\ApplyVSDocModel.xsl&#39;.
  Copying file from &quot;reflection.xml&quot; to &quot;reflection.nofilenames&quot;.
  XslTransform (v2014.5.31.0)
  Copyright c 2006-2014, Microsoft Corporation, All Rights Reserved.
  Portions Copyright c 2006-2014, Eric Woodruff, All Rights Reserved.
  Applying XSL transformation &#39;F:\Programs\Sandcastle\ProductionTransforms\AddFilenames.xsl&#39;.
  XslTransform (v2014.5.31.0)
  Copyright c 2006-2014, Microsoft Corporation, All Rights Reserved.
  Portions Copyright c 2006-2014, Eric Woodruff, All Rights Reserved.
  Applying XSL transformation &#39;F:\Programs\Sandcastle\ProductionTransforms\ReflectionToManifest.xsl&#39;.
Done Building Project &quot;C:\Users\Administrator\Desktop\Help\Working\TransformManifest.proj&quot; (default targets).

Build succeeded.

Time Elapsed 00:00:02.98
    Last step completed in 00:00:03.6640
</buildStep>
<buildStep step="GenerateNamespaceSummaries">
Generating namespace summary information...
    Last step completed in 00:00:00.0670
</buildStep>
<buildStep step="CopyAdditionalContent">
Copying additional content files...
No additional content to copy
    Last step completed in 00:00:00.0130
</buildStep>
<buildStep step="MergeTablesOfContents">
Merging conceptual and additional tables of contents...
    Last step completed in 00:00:00.0053
</buildStep>
<buildStep step="GenerateIntermediateTableOfContents">
Generating intermediate table of contents file...
[C:\Windows\Microsoft.NET\Framework64\v4.0.30319\MSBuild.exe]
Build started 06/29/2014 20:26:59.
Project &quot;C:\Users\Administrator\Desktop\Help\Working\GenerateIntermediateTOC.proj&quot; on node 1 (default targets).
GenerateIntermediateTOC:
  XslTransform (v2014.5.31.0)
  Copyright c 2006-2014, Microsoft Corporation, All Rights Reserved.
  Portions Copyright c 2006-2014, Eric Woodruff, All Rights Reserved.
  Applying XSL transformation &#39;F:\Programs\Sandcastle\\ProductionTransforms\CreateVSToc.xsl&#39;.
Done Building Project &quot;C:\Users\Administrator\Desktop\Help\Working\GenerateIntermediateTOC.proj&quot; (default targets).

Build succeeded.

Time Elapsed 00:00:01.33
Generating conceptual content intermediate TOC file...
    Last step completed in 00:00:01.9756
</buildStep>
<buildStep step="CreateBuildAssemblerConfigs">
Creating Sandcastle configuration files...
    sandcastle.config
    Last step completed in 00:00:00.4087
</buildStep>
<buildStep step="MergeCustomConfigs">
Merging custom build component configurations
C:\Users\Administrator\Desktop\Help\Working\sandcastle.config
    Last step completed in 00:00:00.0340
</buildStep>
<buildStep step="BuildReferenceTopics">
Building reference help topics...
[C:\Windows\Microsoft.NET\Framework64\v4.0.30319\MSBuild.exe]
Build started 06/29/2014 20:27:01.
Project &quot;C:\Users\Administrator\Desktop\Help\Working\BuildReferenceTopics.proj&quot; on node 1 (default targets).
BuildReferenceTopics:
  BuildAssembler (v2014.5.31.0)
  Copyright c 2006-2014, Microsoft Corporation, All Rights Reserved.
  Portions Copyright c 2006-2014, Eric Woodruff, All Rights Reserved.
  Loading configuration...
  ResolveReferenceLinksComponent: The MSDN content ID cache &#39;C:\Users\Administrator\AppData\Local\EWSoftware\Sandcastle Help File Builder\Cache\MsdnContentId.cache&#39; does not exist yet.  All IDs will be looked up in this build which will slow it down.
  Processing topics...
BuildAssembler : warning : ShowMissingComponent: [N:Factorial] Missing &lt;summary&gt; documentation [C:\Users\Administrator\Desktop\Help\Working\BuildReferenceTopics.proj]
  Processed 5 topic(s)
  1 warning(s)
  CopyFromIndexComponent: &quot;reflection&quot; in-memory cache entries used: 1 of 15.
  CopyFromIndexComponent: &quot;comments&quot; in-memory cache entries used: 2 of 30.
  ResolveReferenceLinksComponent: New MSDN content ID cache size: 8 entries
Done Building Project &quot;C:\Users\Administrator\Desktop\Help\Working\BuildReferenceTopics.proj&quot; (default targets).

Build succeeded.

Time Elapsed 00:00:18.69
    Last step completed in 00:00:19.3727
</buildStep>
<buildStep step="CombiningIntermediateTocFiles">
Combining conceptual and API intermediate TOC files...
    Last step completed in 00:00:00.0050
</buildStep>
<buildStep step="ExtractingHtmlInfo">
Extracting HTML info for HTML Help 1 and/or website...
[C:\Windows\Microsoft.NET\Framework64\v4.0.30319\MSBuild.exe]
Sandcastle Help File Builder, version 2014.5.31.0
Copyright c 2006-2014, Eric Woodruff, All Rights Reserved
E-Mail: Eric@EWoodruff.us

Using LCID &#39;1033&#39;, code page &#39;65001&#39;, encoding charset &#39;UTF-8&#39;.

Processing Help 1 files in C:\Users\Administrator\Desktop\Help\Working\Output\HtmlHelp1
Processed 5 HTML files
Sorting keywords and generating See Also indices
Saving HTML Help 1 keyword index to C:\Users\Administrator\Desktop\Help\Working\Documentation.hhk
Saving HTML Help 1 table of contents to C:\Users\Administrator\Desktop\Help\Working\Documentation.hhc
    Last step completed in 00:00:02.0525
</buildStep>
<buildStep step="CopyStandardHelpContent">
Copying standard help content...
F:\Programs\Sandcastle\PresentationStyles\VS2013\icons\AlertCaution.png -&gt; C:\Users\Administrator\Desktop\Help\Working\Output\HtmlHelp1\icons\AlertCaution.png
F:\Programs\Sandcastle\PresentationStyles\VS2013\icons\AlertNote.png -&gt; C:\Users\Administrator\Desktop\Help\Working\Output\HtmlHelp1\icons\AlertNote.png
F:\Programs\Sandcastle\PresentationStyles\VS2013\icons\AlertSecurity.png -&gt; C:\Users\Administrator\Desktop\Help\Working\Output\HtmlHelp1\icons\AlertSecurity.png
F:\Programs\Sandcastle\PresentationStyles\VS2013\icons\CFW.gif -&gt; C:\Users\Administrator\Desktop\Help\Working\Output\HtmlHelp1\icons\CFW.gif
F:\Programs\Sandcastle\PresentationStyles\VS2013\icons\CodeExample.png -&gt; C:\Users\Administrator\Desktop\Help\Working\Output\HtmlHelp1\icons\CodeExample.png
F:\Programs\Sandcastle\PresentationStyles\VS2013\icons\favicon.ico -&gt; C:\Users\Administrator\Desktop\Help\Working\Output\HtmlHelp1\icons\favicon.ico
F:\Programs\Sandcastle\PresentationStyles\VS2013\icons\privclass.gif -&gt; C:\Users\Administrator\Desktop\Help\Working\Output\HtmlHelp1\icons\privclass.gif
F:\Programs\Sandcastle\PresentationStyles\VS2013\icons\privdelegate.gif -&gt; C:\Users\Administrator\Desktop\Help\Working\Output\HtmlHelp1\icons\privdelegate.gif
F:\Programs\Sandcastle\PresentationStyles\VS2013\icons\privenumeration.gif -&gt; C:\Users\Administrator\Desktop\Help\Working\Output\HtmlHelp1\icons\privenumeration.gif
F:\Programs\Sandcastle\PresentationStyles\VS2013\icons\privevent.gif -&gt; C:\Users\Administrator\Desktop\Help\Working\Output\HtmlHelp1\icons\privevent.gif
F:\Programs\Sandcastle\PresentationStyles\VS2013\icons\privextension.gif -&gt; C:\Users\Administrator\Desktop\Help\Working\Output\HtmlHelp1\icons\privextension.gif
F:\Programs\Sandcastle\PresentationStyles\VS2013\icons\privfield.gif -&gt; C:\Users\Administrator\Desktop\Help\Working\Output\HtmlHelp1\icons\privfield.gif
F:\Programs\Sandcastle\PresentationStyles\VS2013\icons\privinterface.gif -&gt; C:\Users\Administrator\Desktop\Help\Working\Output\HtmlHelp1\icons\privinterface.gif
F:\Programs\Sandcastle\PresentationStyles\VS2013\icons\privmethod.gif -&gt; C:\Users\Administrator\Desktop\Help\Working\Output\HtmlHelp1\icons\privmethod.gif
F:\Programs\Sandcastle\PresentationStyles\VS2013\icons\privproperty.gif -&gt; C:\Users\Administrator\Desktop\Help\Working\Output\HtmlHelp1\icons\privproperty.gif
F:\Programs\Sandcastle\PresentationStyles\VS2013\icons\privstructure.gif -&gt; C:\Users\Administrator\Desktop\Help\Working\Output\HtmlHelp1\icons\privstructure.gif
F:\Programs\Sandcastle\PresentationStyles\VS2013\icons\protclass.gif -&gt; C:\Users\Administrator\Desktop\Help\Working\Output\HtmlHelp1\icons\protclass.gif
F:\Programs\Sandcastle\PresentationStyles\VS2013\icons\protdelegate.gif -&gt; C:\Users\Administrator\Desktop\Help\Working\Output\HtmlHelp1\icons\protdelegate.gif
F:\Programs\Sandcastle\PresentationStyles\VS2013\icons\protenumeration.gif -&gt; C:\Users\Administrator\Desktop\Help\Working\Output\HtmlHelp1\icons\protenumeration.gif
F:\Programs\Sandcastle\PresentationStyles\VS2013\icons\protevent.gif -&gt; C:\Users\Administrator\Desktop\Help\Working\Output\HtmlHelp1\icons\protevent.gif
F:\Programs\Sandcastle\PresentationStyles\VS2013\icons\protextension.gif -&gt; C:\Users\Administrator\Desktop\Help\Working\Output\HtmlHelp1\icons\protextension.gif
F:\Programs\Sandcastle\PresentationStyles\VS2013\icons\protfield.gif -&gt; C:\Users\Administrator\Desktop\Help\Working\Output\HtmlHelp1\icons\protfield.gif
F:\Programs\Sandcastle\PresentationStyles\VS2013\icons\protinterface.gif -&gt; C:\Users\Administrator\Desktop\Help\Working\Output\HtmlHelp1\icons\protinterface.gif
F:\Programs\Sandcastle\PresentationStyles\VS2013\icons\protmethod.gif -&gt; C:\Users\Administrator\Desktop\Help\Working\Output\HtmlHelp1\icons\protmethod.gif
F:\Programs\Sandcastle\PresentationStyles\VS2013\icons\protoperator.gif -&gt; C:\Users\Administrator\Desktop\Help\Working\Output\HtmlHelp1\icons\protoperator.gif
F:\Programs\Sandcastle\PresentationStyles\VS2013\icons\protproperty.gif -&gt; C:\Users\Administrator\Desktop\Help\Working\Output\HtmlHelp1\icons\protproperty.gif
F:\Programs\Sandcastle\PresentationStyles\VS2013\icons\protstructure.gif -&gt; C:\Users\Administrator\Desktop\Help\Working\Output\HtmlHelp1\icons\protstructure.gif
F:\Programs\Sandcastle\PresentationStyles\VS2013\icons\pubclass.gif -&gt; C:\Users\Administrator\Desktop\Help\Working\Output\HtmlHelp1\icons\pubclass.gif
F:\Programs\Sandcastle\PresentationStyles\VS2013\icons\pubdelegate.gif -&gt; C:\Users\Administrator\Desktop\Help\Working\Output\HtmlHelp1\icons\pubdelegate.gif
F:\Programs\Sandcastle\PresentationStyles\VS2013\icons\pubenumeration.gif -&gt; C:\Users\Administrator\Desktop\Help\Working\Output\HtmlHelp1\icons\pubenumeration.gif
F:\Programs\Sandcastle\PresentationStyles\VS2013\icons\pubevent.gif -&gt; C:\Users\Administrator\Desktop\Help\Working\Output\HtmlHelp1\icons\pubevent.gif
F:\Programs\Sandcastle\PresentationStyles\VS2013\icons\pubextension.gif -&gt; C:\Users\Administrator\Desktop\Help\Working\Output\HtmlHelp1\icons\pubextension.gif
F:\Programs\Sandcastle\PresentationStyles\VS2013\icons\pubfield.gif -&gt; C:\Users\Administrator\Desktop\Help\Working\Output\HtmlHelp1\icons\pubfield.gif
F:\Programs\Sandcastle\PresentationStyles\VS2013\icons\pubinterface.gif -&gt; C:\Users\Administrator\Desktop\Help\Working\Output\HtmlHelp1\icons\pubinterface.gif
F:\Programs\Sandcastle\PresentationStyles\VS2013\icons\pubmethod.gif -&gt; C:\Users\Administrator\Desktop\Help\Working\Output\HtmlHelp1\icons\pubmethod.gif
F:\Programs\Sandcastle\PresentationStyles\VS2013\icons\puboperator.gif -&gt; C:\Users\Administrator\Desktop\Help\Working\Output\HtmlHelp1\icons\puboperator.gif
F:\Programs\Sandcastle\PresentationStyles\VS2013\icons\pubproperty.gif -&gt; C:\Users\Administrator\Desktop\Help\Working\Output\HtmlHelp1\icons\pubproperty.gif
F:\Programs\Sandcastle\PresentationStyles\VS2013\icons\pubstructure.gif -&gt; C:\Users\Administrator\Desktop\Help\Working\Output\HtmlHelp1\icons\pubstructure.gif
F:\Programs\Sandcastle\PresentationStyles\VS2013\icons\SectionCollapsed.png -&gt; C:\Users\Administrator\Desktop\Help\Working\Output\HtmlHelp1\icons\SectionCollapsed.png
F:\Programs\Sandcastle\PresentationStyles\VS2013\icons\SectionExpanded.png -&gt; C:\Users\Administrator\Desktop\Help\Working\Output\HtmlHelp1\icons\SectionExpanded.png
F:\Programs\Sandcastle\PresentationStyles\VS2013\icons\slMobile.gif -&gt; C:\Users\Administrator\Desktop\Help\Working\Output\HtmlHelp1\icons\slMobile.gif
F:\Programs\Sandcastle\PresentationStyles\VS2013\icons\static.gif -&gt; C:\Users\Administrator\Desktop\Help\Working\Output\HtmlHelp1\icons\static.gif
F:\Programs\Sandcastle\PresentationStyles\VS2013\icons\xna.gif -&gt; C:\Users\Administrator\Desktop\Help\Working\Output\HtmlHelp1\icons\xna.gif
F:\Programs\Sandcastle\PresentationStyles\VS2013\scripts\branding.js -&gt; C:\Users\Administrator\Desktop\Help\Working\Output\HtmlHelp1\scripts\branding.js
F:\Programs\Sandcastle\PresentationStyles\VS2013\styles\branding-cs-CZ.css -&gt; C:\Users\Administrator\Desktop\Help\Working\Output\HtmlHelp1\styles\branding-cs-CZ.css
F:\Programs\Sandcastle\PresentationStyles\VS2013\styles\branding-de-DE.css -&gt; C:\Users\Administrator\Desktop\Help\Working\Output\HtmlHelp1\styles\branding-de-DE.css
F:\Programs\Sandcastle\PresentationStyles\VS2013\styles\branding-en-US.css -&gt; C:\Users\Administrator\Desktop\Help\Working\Output\HtmlHelp1\styles\branding-en-US.css
F:\Programs\Sandcastle\PresentationStyles\VS2013\styles\branding-es-ES.css -&gt; C:\Users\Administrator\Desktop\Help\Working\Output\HtmlHelp1\styles\branding-es-ES.css
F:\Programs\Sandcastle\PresentationStyles\VS2013\styles\branding-fr-FR.css -&gt; C:\Users\Administrator\Desktop\Help\Working\Output\HtmlHelp1\styles\branding-fr-FR.css
F:\Programs\Sandcastle\PresentationStyles\VS2013\styles\branding-Help1.css -&gt; C:\Users\Administrator\Desktop\Help\Working\Output\HtmlHelp1\styles\branding-Help1.css
F:\Programs\Sandcastle\PresentationStyles\VS2013\styles\branding-Help2.css -&gt; C:\Users\Administrator\Desktop\Help\Working\Output\HtmlHelp1\styles\branding-Help2.css
F:\Programs\Sandcastle\PresentationStyles\VS2013\styles\branding-HelpViewer.css -&gt; C:\Users\Administrator\Desktop\Help\Working\Output\HtmlHelp1\styles\branding-HelpViewer.css
F:\Programs\Sandcastle\PresentationStyles\VS2013\styles\branding-it-IT.css -&gt; C:\Users\Administrator\Desktop\Help\Working\Output\HtmlHelp1\styles\branding-it-IT.css
F:\Programs\Sandcastle\PresentationStyles\VS2013\styles\branding-ja-JP.css -&gt; C:\Users\Administrator\Desktop\Help\Working\Output\HtmlHelp1\styles\branding-ja-JP.css
F:\Programs\Sandcastle\PresentationStyles\VS2013\styles\branding-ko-KR.css -&gt; C:\Users\Administrator\Desktop\Help\Working\Output\HtmlHelp1\styles\branding-ko-KR.css
F:\Programs\Sandcastle\PresentationStyles\VS2013\styles\branding-pl-PL.css -&gt; C:\Users\Administrator\Desktop\Help\Working\Output\HtmlHelp1\styles\branding-pl-PL.css
F:\Programs\Sandcastle\PresentationStyles\VS2013\styles\branding-pt-BR.css -&gt; C:\Users\Administrator\Desktop\Help\Working\Output\HtmlHelp1\styles\branding-pt-BR.css
F:\Programs\Sandcastle\PresentationStyles\VS2013\styles\branding-ru-RU.css -&gt; C:\Users\Administrator\Desktop\Help\Working\Output\HtmlHelp1\styles\branding-ru-RU.css
F:\Programs\Sandcastle\PresentationStyles\VS2013\styles\branding-tr-TR.css -&gt; C:\Users\Administrator\Desktop\Help\Working\Output\HtmlHelp1\styles\branding-tr-TR.css
F:\Programs\Sandcastle\PresentationStyles\VS2013\styles\branding-Website.css -&gt; C:\Users\Administrator\Desktop\Help\Working\Output\HtmlHelp1\styles\branding-Website.css
F:\Programs\Sandcastle\PresentationStyles\VS2013\styles\branding-zh-CN.css -&gt; C:\Users\Administrator\Desktop\Help\Working\Output\HtmlHelp1\styles\branding-zh-CN.css
F:\Programs\Sandcastle\PresentationStyles\VS2013\styles\branding-zh-TW.css -&gt; C:\Users\Administrator\Desktop\Help\Working\Output\HtmlHelp1\styles\branding-zh-TW.css
F:\Programs\Sandcastle\PresentationStyles\VS2013\styles\branding.css -&gt; C:\Users\Administrator\Desktop\Help\Working\Output\HtmlHelp1\styles\branding.css
    Last step completed in 00:00:00.2792
</buildStep>
<buildStep step="GenerateHelpFormatTableOfContents">
Generating HTML Help 1 table of contents file...
    Last step completed in 00:00:00.0030
</buildStep>
<buildStep step="GenerateHelpFileIndex">
Generating HTML Help 1 index file...
    Last step completed in 00:00:00.0030
</buildStep>
<buildStep step="GenerateHelpProject">
Generating HTML Help 1 project file...
    Last step completed in 00:00:00.0090
</buildStep>
<buildStep step="CompilingHelpFile">
Compiling HTML Help 1 file...
[C:\Windows\Microsoft.NET\Framework64\v4.0.30319\MSBuild.exe]
  Microsoft HTML Help Compiler 4.74.8702
  
  
  
  Compiling c:\Users\Administrator\Desktop\Help\Working\Output\HtmlHelp1\Documentation.chm
  
  
  
  
  
  Compile time: 0 minutes, 2 seconds
  
  7	Topics
  
  44	Local links
  
  33	Internet links
  
  0	Graphics
  
  
  
  
  
  Created c:\Users\Administrator\Desktop\Help\Working\Output\HtmlHelp1\Documentation.chm, 54,483 bytes
  
  Compression decreased file by 66,300 bytes.
  
    Last step completed in 00:00:05.1950
</buildStep>
<buildStep step="CleanIntermediates">
Removing intermediate files...
    Last step completed in 00:00:00.0300
</buildStep>
<buildStep step="Completed">

Build completed successfully at 06/29/2014 08:27 PM.  Total time: 00:00:39.2106

</buildStep>
</shfbBuild>
